0 info it worked if it ends with ok
1 verbose cli [ '/usr/local/bin/node', '/usr/local/bin/npm', 'start' ]
2 info using npm@3.10.5
3 info using node@v4.4.7
4 verbose run-script [ 'prestart', 'start', 'poststart' ]
5 info lifecycle ng-z2u-converter@0.0.1~prestart: ng-z2u-converter@0.0.1
6 silly lifecycle ng-z2u-converter@0.0.1~prestart: no script for prestart, continuing
7 info lifecycle ng-z2u-converter@0.0.1~start: ng-z2u-converter@0.0.1
8 verbose lifecycle ng-z2u-converter@0.0.1~start: unsafe-perm in lifecycle true
9 verbose lifecycle ng-z2u-converter@0.0.1~start: PATH: /usr/local/lib/node_modules/npm/bin/node-gyp-bin:/Users/kknts/Development/testing/bower-packages/ng-z2u-converter/node_modules/.bin:/usr/local/bin://anaconda/bin:/usr/local/php5/bin:/usr/local/mysql/bin:/Library/Frameworks/Python.framework/Versions/3.5/bin:/usr/local/bin:/usr/bin:/bin:/usr/sbin:/sbin:/usr/local/mongodb/bin
10 verbose lifecycle ng-z2u-converter@0.0.1~start: CWD: /Users/kknts/Development/testing/bower-packages/ng-z2u-converter
11 silly lifecycle ng-z2u-converter@0.0.1~start: Args: [ '-c', 'node server.js' ]
12 silly lifecycle ng-z2u-converter@0.0.1~start: Returned: code: 1  signal: null
13 info lifecycle ng-z2u-converter@0.0.1~start: Failed to exec start script
14 verbose stack Error: ng-z2u-converter@0.0.1 start: `node server.js`
14 verbose stack Exit status 1
14 verbose stack     at EventEmitter.<anonymous> (/usr/local/lib/node_modules/npm/lib/utils/lifecycle.js:242:16)
14 verbose stack     at emitTwo (events.js:87:13)
14 verbose stack     at EventEmitter.emit (events.js:172:7)
14 verbose stack     at ChildProcess.<anonymous> (/usr/local/lib/node_modules/npm/lib/utils/spawn.js:40:14)
14 verbose stack     at emitTwo (events.js:87:13)
14 verbose stack     at ChildProcess.emit (events.js:172:7)
14 verbose stack     at maybeClose (internal/child_process.js:827:16)
14 verbose stack     at Process.ChildProcess._handle.onexit (internal/child_process.js:211:5)
15 verbose pkgid ng-z2u-converter@0.0.1
16 verbose cwd /Users/kknts/Development/testing/bower-packages/ng-z2u-converter
17 error Darwin 15.5.0
18 error argv "/usr/local/bin/node" "/usr/local/bin/npm" "start"
19 error node v4.4.7
20 error npm  v3.10.5
21 error code ELIFECYCLE
22 error ng-z2u-converter@0.0.1 start: `node server.js`
22 error Exit status 1
23 error Failed at the ng-z2u-converter@0.0.1 start script 'node server.js'.
23 error Make sure you have the latest version of node.js and npm installed.
23 error If you do, this is most likely a problem with the ng-z2u-converter package,
23 error not with npm itself.
23 error Tell the author that this fails on your system:
23 error     node server.js
23 error You can get information on how to open an issue for this project with:
23 error     npm bugs ng-z2u-converter
23 error Or if that isn't available, you can get their info via:
23 error     npm owner ls ng-z2u-converter
23 error There is likely additional logging output above.
24 verbose exit [ 1, true ]
